<?xml version="1.0" encoding="UTF-8"?>
<testsuite xmlns:xsi="http://www.w3.org/2001/XMLSchema-instance" xsi:noNamespaceSchemaLocation="https://maven.apache.org/surefire/maven-surefire-plugin/xsd/surefire-test-report.xsd" name="com.fit.Fila_Agustin_Challenge.FilaAgustinChallengeApplicationTests" time="0.141" tests="1" errors="1" skipped="0" failures="0">
  <properties>
[...]
</properties>
  <testcase name="com.fit.Fila_Agustin_Challenge.FilaAgustinChallengeApplicationTests" classname="com.fit.Fila_Agustin_Challenge.FilaAgustinChallengeApplicationTests" time="0.141">
    <error message="Unable to find a @SpringBootConfiguration, you need to use @ContextConfiguration or @SpringBootTest(classes=...) with your test" type="java.lang.IllegalStateException">java.lang.IllegalStateException: Unable to find a @SpringBootConfiguration, you need to use @ContextConfiguration or @SpringBootTest(classes=...) with your test
</error>
    <system-out><![CDATA[18:34:35.529 [main] DEBUG org.springframework.test.context.BootstrapUtils - Instantiating CacheAwareContextLoaderDelegate from class [org.springframework.test.context.cache.DefaultCacheAwareContextLoaderDelegate]
18:34:35.544 [main] DEBUG org.springframework.test.context.BootstrapUtils - Instantiating BootstrapContext using constructor [public org.springframework.test.context.support.DefaultBootstrapContext(java.lang.Class,org.springframework.test.context.CacheAwareContextLoaderDelegate)]
18:34:35.560 [main] DEBUG org.springframework.test.context.BootstrapUtils - Instantiating TestContextBootstrapper for test class [com.fit.Fila_Agustin_Challenge.FilaAgustinChallengeApplicationTests] from class [org.springframework.boot.test.context.SpringBootTestContextBootstrapper]
18:34:35.575 [main] INFO org.springframework.boot.test.context.SpringBootTestContextBootstrapper - Neither @ContextConfiguration nor @ContextHierarchy found for test class [com.fit.Fila_Agustin_Challenge.FilaAgustinChallengeApplicationTests], using SpringBootContextLoader
18:34:35.575 [main] DEBUG org.springframework.test.context.support.AbstractContextLoader - Did not detect default resource location for test class [com.fit.Fila_Agustin_Challenge.FilaAgustinChallengeApplicationTests]: class path resource [com/fit/Fila_Agustin_Challenge/FilaAgustinChallengeApplicationTests-context.xml] does not exist
18:34:35.575 [main] DEBUG org.springframework.test.context.support.AbstractContextLoader - Did not detect default resource location for test class [com.fit.Fila_Agustin_Challenge.FilaAgustinChallengeApplicationTests]: class path resource [com/fit/Fila_Agustin_Challenge/FilaAgustinChallengeApplicationTestsContext.groovy] does not exist
18:34:35.575 [main] INFO org.springframework.test.context.support.AbstractContextLoader - Could not detect default resource locations for test class [com.fit.Fila_Agustin_Challenge.FilaAgustinChallengeApplicationTests]: no resource found for suffixes {-context.xml, Context.groovy}.
18:34:35.575 [main] INFO org.springframework.test.context.support.AnnotationConfigContextLoaderUtils - Could not detect default configuration classes for test class [com.fit.Fila_Agustin_Challenge.FilaAgustinChallengeApplicationTests]: FilaAgustinChallengeApplicationTests does not declare any static, non-private, non-final, nested classes annotated with @Configuration.
18:34:35.607 [main] DEBUG org.springframework.test.context.support.ActiveProfilesUtils - Could not find an 'annotation declaring class' for annotation type [org.springframework.test.context.ActiveProfiles] and class [com.fit.Fila_Agustin_Challenge.FilaAgustinChallengeApplicationTests]
]]></system-out>
  </testcase>
</testsuite>